android/app/build/intermediates/manifest_merge_blame_file/release/manifest-merger-blame-release-report.txt
1<?xml version="1.0" encoding="utf-8"?>
2<manifest xmlns:android="http://schemas.android.com/apk/res/android"
3    package="com.mobidonia.foodtiger"
4    android:versionCode="1"
5    android:versionName="2.1.1" >
6
7    <uses-sdk
8        android:minSdkVersion="21"
8-->src\main\AndroidManifest.xml
9        android:targetSdkVersion="30" />
9-->src\main\AndroidManifest.xml
10
11    <uses-permission android:name="android.permission.INTERNET" />
11-->src\main\AndroidManifest.xml:2:3-64
11-->src\main\AndroidManifest.xml:2:20-62
12    <uses-permission android:name="android.permission.SYSTEM_ALERT_WINDOW" />
12-->src\main\AndroidManifest.xml:3:3-75
12-->src\main\AndroidManifest.xml:3:20-73
13    <uses-permission android:name="android.permission.VIBRATE" />
13-->src\main\AndroidManifest.xml:4:3-63
13-->src\main\AndroidManifest.xml:4:20-61
14    <uses-permission android:name="android.permission.ACCESS_COARSE_LOCATION" />
14-->src\main\AndroidManifest.xml:5:3-78
14-->src\main\AndroidManifest.xml:5:20-76
15    <uses-permission android:name="android.permission.ACCESS_FINE_LOCATION" />
15-->src\main\AndroidManifest.xml:6:3-76
15-->src\main\AndroidManifest.xml:6:20-74
16    <uses-permission android:name="android.permission.FOREGROUND_SERVICE" />
16-->src\main\AndroidManifest.xml:7:3-75
16-->src\main\AndroidManifest.xml:7:20-72
17    <uses-permission android:name="android.permission.READ_EXTERNAL_STORAGE" />
17-->src\main\AndroidManifest.xml:8:3-77
17-->src\main\AndroidManifest.xml:8:20-75
18    <uses-permission android:name="android.permission.WRITE_EXTERNAL_STORAGE" />
18-->src\main\AndroidManifest.xml:9:3-78
18-->src\main\AndroidManifest.xml:9:20-76
19    <uses-permission android:name="android.permission.WRITE_SETTINGS" />
19-->src\main\AndroidManifest.xml:10:3-70
19-->src\main\AndroidManifest.xml:10:20-68
20    <uses-permission android:name="android.permission.ACCESS_NETWORK_STATE" />
20-->src\main\AndroidManifest.xml:11:3-76
20-->src\main\AndroidManifest.xml:11:20-74
21    <uses-permission android:name="android.permission.WAKE_LOCK" />
21-->src\main\AndroidManifest.xml:12:3-65
21-->src\main\AndroidManifest.xml:12:20-63
22    <uses-permission android:name="com.google.android.c2dm.permission.RECEIVE" />
22-->src\main\AndroidManifest.xml:13:3-79
22-->src\main\AndroidManifest.xml:13:20-77
23
24    <queries>
24-->[:expo-file-system] AndroidManifest.xml:16:5-22:15
25
26        <!-- Query open documents -->
27        <intent>
27-->[:expo-file-system] AndroidManifest.xml:19:9-21:18
28            <action android:name="android.intent.action.OPEN_DOCUMENT_TREE" />
28-->[:expo-file-system] AndroidManifest.xml:20:13-79
28-->[:expo-file-system] AndroidManifest.xml:20:21-76
29        </intent>
30    </queries> <!-- Create a unique permission for your app and use it so only your app can receive your OneSignal messages. -->
31    <permission
31-->[com.onesignal:OneSignal:3.13.2] AndroidManifest.xml:7:5-9:47
32        android:name="com.mobidonia.foodtiger.permission.C2D_MESSAGE"
32-->[com.onesignal:OneSignal:3.13.2] AndroidManifest.xml:8:9-63
33        android:protectionLevel="signature" />
33-->[com.onesignal:OneSignal:3.13.2] AndroidManifest.xml:9:9-44
34
35    <uses-permission android:name="com.mobidonia.foodtiger.permission.C2D_MESSAGE" />
35-->[com.onesignal:OneSignal:3.13.2] AndroidManifest.xml:11:5-79
35-->[com.onesignal:OneSignal:3.13.2] AndroidManifest.xml:11:22-76
36    <!--
37 Use to restore notifications the user hasn't interacted with.
38         They could be missed notifications if the user reboots their device if this isn't in place.
39    -->
40    <uses-permission android:name="android.permission.RECEIVE_BOOT_COMPLETED" /> <!-- START: ShortcutBadger -->
40-->[com.onesignal:OneSignal:3.13.2] AndroidManifest.xml:29:5-81
40-->[com.onesignal:OneSignal:3.13.2] AndroidManifest.xml:29:22-78
41    <!-- Samsung -->
42    <uses-permission android:name="com.sec.android.provider.badge.permission.READ" />
42-->[com.onesignal:OneSignal:3.13.2] AndroidManifest.xml:31:5-86
42-->[com.onesignal:OneSignal:3.13.2] AndroidManifest.xml:31:22-83
43    <uses-permission android:name="com.sec.android.provider.badge.permission.WRITE" /> <!-- HTC -->
43-->[com.onesignal:OneSignal:3.13.2] AndroidManifest.xml:32:5-87
43-->[com.onesignal:OneSignal:3.13.2] AndroidManifest.xml:32:22-84
44    <uses-permission android:name="com.htc.launcher.permission.READ_SETTINGS" />
44-->[com.onesignal:OneSignal:3.13.2] AndroidManifest.xml:33:5-81
44-->[com.onesignal:OneSignal:3.13.2] AndroidManifest.xml:33:22-78
45    <uses-permission android:name="com.htc.launcher.permission.UPDATE_SHORTCUT" /> <!-- Sony -->
45-->[com.onesignal:OneSignal:3.13.2] AndroidManifest.xml:34:5-83
45-->[com.onesignal:OneSignal:3.13.2] AndroidManifest.xml:34:22-80
46    <uses-permission android:name="com.sonyericsson.home.permission.BROADCAST_BADGE" />
46-->[com.onesignal:OneSignal:3.13.2] AndroidManifest.xml:35:5-88
46-->[com.onesignal:OneSignal:3.13.2] AndroidManifest.xml:35:22-85
47    <uses-permission android:name="com.sonymobile.home.permission.PROVIDER_INSERT_BADGE" /> <!-- Apex -->
47-->[com.onesignal:OneSignal:3.13.2] AndroidManifest.xml:36:5-92
47-->[com.onesignal:OneSignal:3.13.2] AndroidManifest.xml:36:22-89
48    <uses-permission android:name="com.anddoes.launcher.permission.UPDATE_COUNT" /> <!-- Solid -->
48-->[com.onesignal:OneSignal:3.13.2] AndroidManifest.xml:37:5-84
48-->[com.onesignal:OneSignal:3.13.2] AndroidManifest.xml:37:22-81
49    <uses-permission android:name="com.majeur.launcher.permission.UPDATE_BADGE" /> <!-- Huawei -->
49-->[com.onesignal:OneSignal:3.13.2] AndroidManifest.xml:38:5-83
49-->[com.onesignal:OneSignal:3.13.2] AndroidManifest.xml:38:22-80
50    <uses-permission android:name="com.huawei.android.launcher.permission.CHANGE_BADGE" />
50-->[com.onesignal:OneSignal:3.13.2] AndroidManifest.xml:39:5-91
50-->[com.onesignal:OneSignal:3.13.2] AndroidManifest.xml:39:22-88
51    <uses-permission android:name="com.huawei.android.launcher.permission.READ_SETTINGS" />
51-->[com.onesignal:OneSignal:3.13.2] AndroidManifest.xml:40:5-92
51-->[com.onesignal:OneSignal:3.13.2] AndroidManifest.xml:40:22-89
52    <uses-permission android:name="com.huawei.android.launcher.permission.WRITE_SETTINGS" /> <!-- ZUK -->
52-->[com.onesignal:OneSignal:3.13.2] AndroidManifest.xml:41:5-93
52-->[com.onesignal:OneSignal:3.13.2] AndroidManifest.xml:41:22-90
53    <uses-permission android:name="android.permission.READ_APP_BADGE" /> <!-- OPPO -->
53-->[com.onesignal:OneSignal:3.13.2] AndroidManifest.xml:42:5-73
53-->[com.onesignal:OneSignal:3.13.2] AndroidManifest.xml:42:22-70
54    <uses-permission android:name="com.oppo.launcher.permission.READ_SETTINGS" />
54-->[com.onesignal:OneSignal:3.13.2] AndroidManifest.xml:43:5-82
54-->[com.onesignal:OneSignal:3.13.2] AndroidManifest.xml:43:22-79
55    <uses-permission android:name="com.oppo.launcher.permission.WRITE_SETTINGS" /> <!-- EvMe -->
55-->[com.onesignal:OneSignal:3.13.2] AndroidManifest.xml:44:5-83
55-->[com.onesignal:OneSignal:3.13.2] AndroidManifest.xml:44:22-80
56    <uses-permission android:name="me.everything.badger.permission.BADGE_COUNT_READ" />
56-->[com.onesignal:OneSignal:3.13.2] AndroidManifest.xml:45:5-88
56-->[com.onesignal:OneSignal:3.13.2] AndroidManifest.xml:45:22-85
57    <uses-permission android:name="me.everything.badger.permission.BADGE_COUNT_WRITE" />
57-->[com.onesignal:OneSignal:3.13.2] AndroidManifest.xml:46:5-89
57-->[com.onesignal:OneSignal:3.13.2] AndroidManifest.xml:46:22-86
58
59    <uses-feature
59-->[com.google.android.gms:play-services-maps:17.0.0] AndroidManifest.xml:26:5-28:35
60        android:glEsVersion="0x00020000"
60-->[com.google.android.gms:play-services-maps:17.0.0] AndroidManifest.xml:27:9-41
61        android:required="true" />
61-->[com.google.android.gms:play-services-maps:17.0.0] AndroidManifest.xml:28:9-32
62
63    <uses-permission android:name="com.google.android.finsky.permission.BIND_GET_INSTALL_REFERRER_SERVICE" />
63-->[com.android.installreferrer:installreferrer:1.0] AndroidManifest.xml:9:5-110
63-->[com.android.installreferrer:installreferrer:1.0] AndroidManifest.xml:9:22-107
64    <uses-permission android:name="com.google.android.providers.gsf.permission.READ_GSERVICES" />
64-->[io.nlopez.smartlocation:library:3.2.11] AndroidManifest.xml:15:5-98
64-->[io.nlopez.smartlocation:library:3.2.11] AndroidManifest.xml:15:22-95
65    <uses-permission android:name="com.google.android.gms.permission.ACTIVITY_RECOGNITION" />
65-->[io.nlopez.smartlocation:library:3.2.11] AndroidManifest.xml:16:5-94
65-->[io.nlopez.smartlocation:library:3.2.11] AndroidManifest.xml:16:22-91
66
67    <application
67-->src\main\AndroidManifest.xml:14:3-33:17
68        android:name="com.mobidonia.foodtiger.MainApplication"
68-->src\main\AndroidManifest.xml:14:52-83
69        android:allowBackup="true"
69-->src\main\AndroidManifest.xml:14:198-224
70        android:appComponentFactory="androidx.core.app.CoreComponentFactory"
70-->[androidx.core:core:1.3.0] AndroidManifest.xml:24:18-86
71        android:icon="@mipmap/ic_launcher"
71-->src\main\AndroidManifest.xml:14:117-151
72        android:label="@string/app_name"
72-->src\main\AndroidManifest.xml:14:84-116
73        android:roundIcon="@mipmap/ic_launcher_round"
73-->src\main\AndroidManifest.xml:14:152-197
74        android:theme="@style/AppTheme"
74-->src\main\AndroidManifest.xml:14:225-256
75        android:usesCleartextTraffic="true" >
75-->src\main\AndroidManifest.xml:14:16-51
76        <meta-data
76-->src\main\AndroidManifest.xml:15:5-125
77            android:name="expo.modules.updates.EXPO_UPDATE_URL"
77-->src\main\AndroidManifest.xml:15:16-67
78            android:value="https://exp.host/@dimovdaniel/foodtiger" />
78-->src\main\AndroidManifest.xml:15:68-123
79        <meta-data
79-->src\main\AndroidManifest.xml:16:5-93
80            android:name="expo.modules.updates.EXPO_SDK_VERSION"
80-->src\main\AndroidManifest.xml:16:16-68
81            android:value="40.0.0" />
81-->src\main\AndroidManifest.xml:16:69-91
82        <meta-data
82-->src\main\AndroidManifest.xml:17:5-82
83            android:name="expo.modules.updates.ENABLED"
83-->src\main\AndroidManifest.xml:17:16-59
84            android:value="true" />
84-->src\main\AndroidManifest.xml:17:60-80
85        <meta-data
85-->src\main\AndroidManifest.xml:18:5-105
86            android:name="expo.modules.updates.EXPO_UPDATES_CHECK_ON_LAUNCH"
86-->src\main\AndroidManifest.xml:18:16-80
87            android:value="ALWAYS" />
87-->src\main\AndroidManifest.xml:18:81-103
88        <meta-data
88-->src\main\AndroidManifest.xml:19:5-99
89            android:name="expo.modules.updates.EXPO_UPDATES_LAUNCH_WAIT_MS"
89-->src\main\AndroidManifest.xml:19:16-79
90            android:value="0" />
90-->src\main\AndroidManifest.xml:19:80-97
91
92        <activity
92-->src\main\AndroidManifest.xml:20:5-31:16
93            android:name="com.mobidonia.foodtiger.MainActivity"
93-->src\main\AndroidManifest.xml:20:15-43
94            android:configChanges="keyboard|keyboardHidden|orientation|screenSize|uiMode"
94-->src\main\AndroidManifest.xml:20:77-154
95            android:label="@string/app_name"
95-->src\main\AndroidManifest.xml:20:44-76
96            android:launchMode="singleTask"
96-->src\main\AndroidManifest.xml:20:155-186
97            android:screenOrientation="portrait"
97-->src\main\AndroidManifest.xml:20:276-312
98            android:theme="@style/Theme.App.SplashScreen"
98-->src\main\AndroidManifest.xml:20:230-275
99            android:windowSoftInputMode="adjustResize" >
99-->src\main\AndroidManifest.xml:20:187-229
100            <intent-filter>
100-->src\main\AndroidManifest.xml:21:7-24:23
101                <action android:name="android.intent.action.MAIN" />
101-->src\main\AndroidManifest.xml:22:9-60
101-->src\main\AndroidManifest.xml:22:17-58
102
103                <category android:name="android.intent.category.LAUNCHER" />
103-->src\main\AndroidManifest.xml:23:9-68
103-->src\main\AndroidManifest.xml:23:19-66
104            </intent-filter>
105            <intent-filter>
105-->src\main\AndroidManifest.xml:25:7-30:23
106                <action android:name="android.intent.action.VIEW" />
106-->src\main\AndroidManifest.xml:26:9-60
106-->src\main\AndroidManifest.xml:26:17-58
107
108                <category android:name="android.intent.category.DEFAULT" />
108-->src\main\AndroidManifest.xml:27:9-67
108-->src\main\AndroidManifest.xml:27:19-65
109                <category android:name="android.intent.category.BROWSABLE" />
109-->src\main\AndroidManifest.xml:28:9-69
109-->src\main\AndroidManifest.xml:28:19-67
110
111                <data android:scheme="com.mobidonia.foodtiger" />
111-->src\main\AndroidManifest.xml:29:9-57
111-->src\main\AndroidManifest.xml:29:15-55
112            </intent-filter>
113        </activity>
114        <activity android:name="com.facebook.react.devsupport.DevSettingsActivity" />
114-->src\main\AndroidManifest.xml:32:5-81
114-->src\main\AndroidManifest.xml:32:15-79
115
116        <meta-data
116-->[:unimodules-react-native-adapter] AndroidManifest.xml:12:9-14:91
117            android:name="org.unimodules.core.AppLoader#react-native-headless"
117-->[:unimodules-react-native-adapter] AndroidManifest.xml:13:13-79
118            android:value="org.unimodules.adapters.react.apploader.RNHeadlessAppLoader" />
118-->[:unimodules-react-native-adapter] AndroidManifest.xml:14:13-88
119
120        <provider
120-->[:expo-file-system] AndroidManifest.xml:25:9-34:20
121            android:name="expo.modules.filesystem.FileSystemFileProvider"
121-->[:expo-file-system] AndroidManifest.xml:26:13-74
122            android:authorities="com.mobidonia.foodtiger.FileSystemFileProvider"
122-->[:expo-file-system] AndroidManifest.xml:27:13-74
123            android:exported="false"
123-->[:expo-file-system] AndroidManifest.xml:28:13-37
124            android:grantUriPermissions="true" >
124-->[:expo-file-system] AndroidManifest.xml:29:13-47
125            <meta-data
125-->[:expo-file-system] AndroidManifest.xml:31:13-33:70
126                android:name="android.support.FILE_PROVIDER_PATHS"
126-->[:expo-file-system] AndroidManifest.xml:32:17-67
127                android:resource="@xml/file_system_provider_paths" />
127-->[:expo-file-system] AndroidManifest.xml:33:17-67
128        </provider>
129
130        <meta-data
130-->[com.onesignal:OneSignal:3.13.2] AndroidManifest.xml:49:9-51:51
131            android:name="onesignal_app_id"
131-->[com.onesignal:OneSignal:3.13.2] AndroidManifest.xml:50:13-44
132            android:value="" /> <!-- Deprecated - Pulled from OneSignal dashboard. -->
132-->[com.onesignal:OneSignal:3.13.2] AndroidManifest.xml:51:13-48
133        <meta-data
133-->[com.onesignal:OneSignal:3.13.2] AndroidManifest.xml:53:9-55:70
134            android:name="onesignal_google_project_number"
134-->[com.onesignal:OneSignal:3.13.2] AndroidManifest.xml:54:13-59
135            android:value="str:REMOTE" />
135-->[com.onesignal:OneSignal:3.13.2] AndroidManifest.xml:55:13-67
136
137        <receiver
137-->[com.onesignal:OneSignal:3.13.2] AndroidManifest.xml:57:9-67:20
138            android:name="com.onesignal.GcmBroadcastReceiver"
138-->[com.onesignal:OneSignal:3.13.2] AndroidManifest.xml:58:13-62
139            android:permission="com.google.android.c2dm.permission.SEND" >
139-->[com.onesignal:OneSignal:3.13.2] AndroidManifest.xml:59:13-73
140
141            <!-- High priority so OneSignal payloads can be filtered from other GCM receivers if filterOtherGCMReceivers is enabled. -->
142            <intent-filter android:priority="999" >
142-->[com.onesignal:OneSignal:3.13.2] AndroidManifest.xml:62:13-66:29
142-->[com.onesignal:OneSignal:3.13.2] AndroidManifest.xml:62:28-50
143                <action android:name="com.google.android.c2dm.intent.RECEIVE" />
143-->[com.onesignal:OneSignal:3.13.2] AndroidManifest.xml:63:17-81
143-->[com.onesignal:OneSignal:3.13.2] AndroidManifest.xml:63:25-78
144
145                <category android:name="com.mobidonia.foodtiger" />
145-->[com.onesignal:OneSignal:3.13.2] AndroidManifest.xml:65:17-61
145-->[com.onesignal:OneSignal:3.13.2] AndroidManifest.xml:65:27-58
146            </intent-filter>
147        </receiver>
148        <receiver android:name="com.onesignal.NotificationOpenedReceiver" />
148-->[com.onesignal:OneSignal:3.13.2] AndroidManifest.xml:68:9-77
148-->[com.onesignal:OneSignal:3.13.2] AndroidManifest.xml:68:19-74
149
150        <service android:name="com.onesignal.GcmIntentService" />
150-->[com.onesignal:OneSignal:3.13.2] AndroidManifest.xml:70:9-66
150-->[com.onesignal:OneSignal:3.13.2] AndroidManifest.xml:70:18-63
151        <service
151-->[com.onesignal:OneSignal:3.13.2] AndroidManifest.xml:71:9-73:72
152            android:name="com.onesignal.GcmIntentJobService"
152-->[com.onesignal:OneSignal:3.13.2] AndroidManifest.xml:72:13-61
153            android:permission="android.permission.BIND_JOB_SERVICE" />
153-->[com.onesignal:OneSignal:3.13.2] AndroidManifest.xml:73:13-69
154        <service
154-->[com.onesignal:OneSignal:3.13.2] AndroidManifest.xml:74:9-76:72
155            android:name="com.onesignal.RestoreJobService"
155-->[com.onesignal:OneSignal:3.13.2] AndroidManifest.xml:75:13-59
156            android:permission="android.permission.BIND_JOB_SERVICE" />
156-->[com.onesignal:OneSignal:3.13.2] AndroidManifest.xml:76:13-69
157        <service
157-->[com.onesignal:OneSignal:3.13.2] AndroidManifest.xml:77:9-79:72
158            android:name="com.onesignal.RestoreKickoffJobService"
158-->[com.onesignal:OneSignal:3.13.2] AndroidManifest.xml:78:13-66
159            android:permission="android.permission.BIND_JOB_SERVICE" />
159-->[com.onesignal:OneSignal:3.13.2] AndroidManifest.xml:79:13-69
160        <service
160-->[com.onesignal:OneSignal:3.13.2] AndroidManifest.xml:80:9-82:43
161            android:name="com.onesignal.SyncService"
161-->[com.onesignal:OneSignal:3.13.2] AndroidManifest.xml:81:13-53
162            android:stopWithTask="true" />
162-->[com.onesignal:OneSignal:3.13.2] AndroidManifest.xml:82:13-40
163        <service
163-->[com.onesignal:OneSignal:3.13.2] AndroidManifest.xml:83:9-85:72
164            android:name="com.onesignal.SyncJobService"
164-->[com.onesignal:OneSignal:3.13.2] AndroidManifest.xml:84:13-56
165            android:permission="android.permission.BIND_JOB_SERVICE" />
165-->[com.onesignal:OneSignal:3.13.2] AndroidManifest.xml:85:13-69
166
167        <activity
167-->[com.onesignal:OneSignal:3.13.2] AndroidManifest.xml:87:9-89:75
168            android:name="com.onesignal.PermissionsActivity"
168-->[com.onesignal:OneSignal:3.13.2] AndroidManifest.xml:88:13-61
169            android:theme="@android:style/Theme.Translucent.NoTitleBar" />
169-->[com.onesignal:OneSignal:3.13.2] AndroidManifest.xml:89:13-72
170
171        <service android:name="com.onesignal.NotificationRestoreService" />
171-->[com.onesignal:OneSignal:3.13.2] AndroidManifest.xml:91:9-76
171-->[com.onesignal:OneSignal:3.13.2] AndroidManifest.xml:91:18-73
172
173        <receiver android:name="com.onesignal.BootUpReceiver" >
173-->[com.onesignal:OneSignal:3.13.2] AndroidManifest.xml:93:9-98:20
173-->[com.onesignal:OneSignal:3.13.2] AndroidManifest.xml:93:19-62
174            <intent-filter>
174-->[com.onesignal:OneSignal:3.13.2] AndroidManifest.xml:94:13-97:29
175                <action android:name="android.intent.action.BOOT_COMPLETED" />
175-->[com.onesignal:OneSignal:3.13.2] AndroidManifest.xml:95:17-79
175-->[com.onesignal:OneSignal:3.13.2] AndroidManifest.xml:95:25-76
176                <action android:name="android.intent.action.QUICKBOOT_POWERON" />
176-->[com.onesignal:OneSignal:3.13.2] AndroidManifest.xml:96:17-82
176-->[com.onesignal:OneSignal:3.13.2] AndroidManifest.xml:96:25-79
177            </intent-filter>
178        </receiver>
179        <receiver android:name="com.onesignal.UpgradeReceiver" >
179-->[com.onesignal:OneSignal:3.13.2] AndroidManifest.xml:99:9-103:20
179-->[com.onesignal:OneSignal:3.13.2] AndroidManifest.xml:99:19-63
180            <intent-filter>
180-->[com.onesignal:OneSignal:3.13.2] AndroidManifest.xml:100:13-102:29
181                <action android:name="android.intent.action.MY_PACKAGE_REPLACED" />
181-->[com.onesignal:OneSignal:3.13.2] AndroidManifest.xml:101:17-84
181-->[com.onesignal:OneSignal:3.13.2] AndroidManifest.xml:101:25-81
182            </intent-filter>
183        </receiver>
184
185        <service
185-->[:expo-location] AndroidManifest.xml:16:9-19:56
186            android:name="expo.modules.location.services.LocationTaskService"
186-->[:expo-location] AndroidManifest.xml:17:13-78
187            android:exported="false"
187-->[:expo-location] AndroidManifest.xml:18:13-37
188            android:foregroundServiceType="location" /> <!-- Needs to be explicitly declared on P+ -->
188-->[:expo-location] AndroidManifest.xml:19:13-53
189        <uses-library
189-->[com.google.android.gms:play-services-maps:17.0.0] AndroidManifest.xml:33:9-35:40
190            android:name="org.apache.http.legacy"
190-->[com.google.android.gms:play-services-maps:17.0.0] AndroidManifest.xml:34:13-50
191            android:required="false" />
191-->[com.google.android.gms:play-services-maps:17.0.0] AndroidManifest.xml:35:13-37
192        <!--
193             FirebaseMessagingService performs security checks at runtime,
194             no need for explicit permissions despite exported="true"
195        -->
196        <service
196-->[com.google.firebase:firebase-messaging:17.3.3] AndroidManifest.xml:28:9-34:19
197            android:name="com.google.firebase.messaging.FirebaseMessagingService"
197-->[com.google.firebase:firebase-messaging:17.3.3] AndroidManifest.xml:29:13-82
198            android:exported="true" >
198-->[com.google.firebase:firebase-messaging:17.3.3] AndroidManifest.xml:30:13-36
199            <intent-filter android:priority="-500" >
199-->[com.google.firebase:firebase-messaging:17.3.3] AndroidManifest.xml:31:13-33:29
199-->[com.google.firebase:firebase-messaging:17.3.3] AndroidManifest.xml:31:28-51
200                <action android:name="com.google.firebase.MESSAGING_EVENT" />
200-->[com.google.firebase:firebase-messaging:17.3.3] AndroidManifest.xml:32:17-78
200-->[com.google.firebase:firebase-messaging:17.3.3] AndroidManifest.xml:32:25-75
201            </intent-filter>
202        </service>
203        <service
203-->[com.google.firebase:firebase-iid:17.0.3] AndroidManifest.xml:29:9-35:19
204            android:name="com.google.firebase.components.ComponentDiscoveryService"
204-->[com.google.firebase:firebase-iid:17.0.3] AndroidManifest.xml:30:13-84
205            android:exported="false" >
205-->[com.google.firebase:firebase-iid:17.0.3] AndroidManifest.xml:31:13-37
206            <meta-data
206-->[com.google.firebase:firebase-iid:17.0.3] AndroidManifest.xml:32:13-34:85
207                android:name="com.google.firebase.components:com.google.firebase.iid.Registrar"
207-->[com.google.firebase:firebase-iid:17.0.3] AndroidManifest.xml:33:17-96
208                android:value="com.google.firebase.components.ComponentRegistrar" />
208-->[com.google.firebase:firebase-iid:17.0.3] AndroidManifest.xml:34:17-82
209        </service>
210
211        <receiver
211-->[com.google.firebase:firebase-iid:17.0.3] AndroidManifest.xml:37:9-44:20
212            android:name="com.google.firebase.iid.FirebaseInstanceIdReceiver"
212-->[com.google.firebase:firebase-iid:17.0.3] AndroidManifest.xml:38:13-78
213            android:exported="true"
213-->[com.google.firebase:firebase-iid:17.0.3] AndroidManifest.xml:39:13-36
214            android:permission="com.google.android.c2dm.permission.SEND" >
214-->[com.google.firebase:firebase-iid:17.0.3] AndroidManifest.xml:40:13-73
215            <intent-filter>
215-->[com.google.firebase:firebase-iid:17.0.3] AndroidManifest.xml:41:13-43:29
216                <action android:name="com.google.android.c2dm.intent.RECEIVE" />
216-->[com.onesignal:OneSignal:3.13.2] AndroidManifest.xml:63:17-81
216-->[com.onesignal:OneSignal:3.13.2] AndroidManifest.xml:63:25-78
217            </intent-filter>
218        </receiver>
219        <!--
220             FirebaseInstanceIdService performs security checks at runtime,
221             no need for explicit permissions despite exported="true"
222        -->
223        <service
223-->[com.google.firebase:firebase-iid:17.0.3] AndroidManifest.xml:50:9-56:19
224            android:name="com.google.firebase.iid.FirebaseInstanceIdService"
224-->[com.google.firebase:firebase-iid:17.0.3] AndroidManifest.xml:51:13-77
225            android:exported="true" >
225-->[com.google.firebase:firebase-iid:17.0.3] AndroidManifest.xml:52:13-36
226            <intent-filter android:priority="-500" >
226-->[com.google.firebase:firebase-iid:17.0.3] AndroidManifest.xml:53:13-55:29
226-->[com.google.firebase:firebase-iid:17.0.3] AndroidManifest.xml:53:28-51
227                <action android:name="com.google.firebase.INSTANCE_ID_EVENT" />
227-->[com.google.firebase:firebase-iid:17.0.3] AndroidManifest.xml:54:17-80
227-->[com.google.firebase:firebase-iid:17.0.3] AndroidManifest.xml:54:25-77
228            </intent-filter>
229        </service>
230
231        <activity
231-->[com.google.android.gms:play-services-base:17.0.0] AndroidManifest.xml:23:9-26:75
232            android:name="com.google.android.gms.common.api.GoogleApiActivity"
232-->[com.google.android.gms:play-services-base:17.0.0] AndroidManifest.xml:24:13-79
233            android:exported="false"
233-->[com.google.android.gms:play-services-base:17.0.0] AndroidManifest.xml:25:13-37
234            android:theme="@android:style/Theme.Translucent.NoTitleBar" />
234-->[com.google.android.gms:play-services-base:17.0.0] AndroidManifest.xml:26:13-72
235
236        <provider
236-->[com.google.firebase:firebase-common:16.0.3] AndroidManifest.xml:10:9-14:39
237            android:name="com.google.firebase.provider.FirebaseInitProvider"
237-->[com.google.firebase:firebase-common:16.0.3] AndroidManifest.xml:11:13-77
238            android:authorities="com.mobidonia.foodtiger.firebaseinitprovider"
238-->[com.google.firebase:firebase-common:16.0.3] AndroidManifest.xml:12:13-72
239            android:exported="false"
239-->[com.google.firebase:firebase-common:16.0.3] AndroidManifest.xml:13:13-37
240            android:initOrder="100" />
240-->[com.google.firebase:firebase-common:16.0.3] AndroidManifest.xml:14:13-36
241
242        <meta-data
242-->[com.google.android.gms:play-services-basement:17.0.0] AndroidManifest.xml:23:9-25:69
243            android:name="com.google.android.gms.version"
243-->[com.google.android.gms:play-services-basement:17.0.0] AndroidManifest.xml:24:13-58
244            android:value="@integer/google_play_services_version" />
244-->[com.google.android.gms:play-services-basement:17.0.0] AndroidManifest.xml:25:13-66
245
246        <service
246-->[androidx.room:room-runtime:2.1.0] AndroidManifest.xml:25:9-27:40
247            android:name="androidx.room.MultiInstanceInvalidationService"
247-->[androidx.room:room-runtime:2.1.0] AndroidManifest.xml:26:13-74
248            android:exported="false" />
248-->[androidx.room:room-runtime:2.1.0] AndroidManifest.xml:27:13-37
249        <service
249-->[io.nlopez.smartlocation:library:3.2.11] AndroidManifest.xml:19:9-21:40
250            android:name="io.nlopez.smartlocation.activity.providers.ActivityGooglePlayServicesProvider$ActivityRecognitionService"
250-->[io.nlopez.smartlocation:library:3.2.11] AndroidManifest.xml:20:13-132
251            android:exported="false" />
251-->[io.nlopez.smartlocation:library:3.2.11] AndroidManifest.xml:21:13-37
252        <service
252-->[io.nlopez.smartlocation:library:3.2.11] AndroidManifest.xml:22:9-24:40
253            android:name="io.nlopez.smartlocation.geofencing.providers.GeofencingGooglePlayServicesProvider$GeofencingService"
253-->[io.nlopez.smartlocation:library:3.2.11] AndroidManifest.xml:23:13-127
254            android:exported="false" />
254-->[io.nlopez.smartlocation:library:3.2.11] AndroidManifest.xml:24:13-37
255        <service
255-->[io.nlopez.smartlocation:library:3.2.11] AndroidManifest.xml:25:9-27:40
256            android:name="io.nlopez.smartlocation.geocoding.providers.AndroidGeocodingProvider$AndroidGeocodingService"
256-->[io.nlopez.smartlocation:library:3.2.11] AndroidManifest.xml:26:13-120
257            android:exported="false" />
257-->[io.nlopez.smartlocation:library:3.2.11] AndroidManifest.xml:27:13-37
258    </application>
259
260</manifest>